<?xml version="1.0" encoding="utf-8"?><testsuites name="pytest tests"><testsuite name="pytest" errors="0" failures="0" skipped="0" tests="44" time="9.798" timestamp="2026-08-16T08:26:10.629349+00:00" hostname="agent-env-76fbc162-5ec3-48be-aa5d-21c6de6c3aad"><testcase classname="tests.test_verify_before_write.TestAnalystRBAC" name="test_analyst_denied[/admin/connections/shopify-body0]" time="0.697" /><testcase classname="tests.test_verify_before_write.TestLiveOnlyEndpoints" name="test_no_500[/admin/shopify/sync?background=false]" time="0.707" /><testcase classname="tests.test_verify_before_write.TestAnalystRBAC" name="test_analyst_denied[/admin/connections/gsc-body1]" time="0.094" /><testcase classname="tests.test_verify_before_write.TestLiveOnlyEndpoints" name="test_no_500[/admin/shopify/reconcile]" time="0.099" /><testcase classname="tests.test_verify_before_write.TestAnalystRBAC" name="test_analyst_denied[/admin/connections/bigquery-body2]" time="0.101" /><testcase classname="tests.test_verify_before_write.TestLiveOnlyEndpoints" name="test_no_500[/admin/gsc/bootstrap?background=false]" time="0.102" /><testcase classname="tests.test_verify_before_write.TestAnalystRBAC" name="test_analyst_denied[/admin/connections/crawl-settings-body3]" time="0.103" /><testcase classname="tests.test_verify_before_write.TestLiveOnlyEndpoints" name="test_no_500[/admin/gsc/daily?background=false]" time="0.103" /><testcase classname="tests.test_verify_before_write.TestAnalystRBAC" name="test_analyst_denied[/admin/connections/activate-live-None]" time="0.100" /><testcase classname="tests.test_verify_before_write.TestLiveOnlyEndpoints" name="test_no_500[/admin/crawl/robots]" time="0.174" /><testcase classname="tests.test_verify_before_write.TestAnalystRBAC" name="test_analyst_denied[/admin/connections/deactivate-live-None]" time="0.142" /><testcase classname="tests.test_verify_before_write.TestLiveOnlyEndpoints" name="test_no_500[/admin/crawl/batch?limit=2]" time="0.126" /><testcase classname="tests.test_verify_before_write.TestAnalystRBAC" name="test_analyst_denied[/admin/shopify/webhooks/register-None]" time="0.097" /><testcase classname="tests.test_verify_before_write.TestLiveOnlyEndpoints" name="test_no_500[/admin/crawl/full?background=false]" time="0.099" /><testcase classname="tests.test_verify_before_write.TestAnalystRBAC" name="test_analyst_denied[/admin/intelligence/purge-fixtures-None]" time="0.145" /><testcase classname="tests.test_verify_before_write.TestGSCBigQueryVerifyBeforeWrite" name="test_gsc_failures_write_nothing[body0-invalid json]" time="0.199" /><testcase classname="tests.test_verify_before_write.TestAnalystRBAC" name="test_analyst_denied[/cost/override-body8]" time="0.094" /><testcase classname="tests.test_verify_before_write.TestAnalystRBAC" name="test_analyst_denied[/cost/simulate-exhaustion-None]" time="0.098" /><testcase classname="tests.test_verify_before_write.TestGSCBigQueryVerifyBeforeWrite" name="test_gsc_failures_write_nothing[body1-fake private key]" time="0.217" /><testcase classname="tests.test_verify_before_write.TestAnalystRBAC" name="test_analyst_denied_audit" time="0.093" /><testcase classname="tests.test_verify_before_write.TestAnalystRBAC" name="test_analyst_allowed_reads[/overview]" time="0.121" /><testcase classname="tests.test_verify_before_write.TestGSCBigQueryVerifyBeforeWrite" name="test_gsc_failures_write_nothing[body2-missing client_email]" time="0.280" /><testcase classname="tests.test_verify_before_write.TestAnalystRBAC" name="test_analyst_allowed_reads[/opportunities]" time="0.109" /><testcase classname="tests.test_verify_before_write.TestAnalystRBAC" name="test_analyst_allowed_reads[/admin/connections]" time="0.099" /><testcase classname="tests.test_verify_before_write.TestAnalystRBAC" name="test_analyst_allowed_reads[/admin/live-acceptance-report]" time="0.120" /><testcase classname="tests.test_verify_before_write.TestGSCBigQueryVerifyBeforeWrite" name="test_bigquery_failure_writes_nothing" time="0.202" /><testcase classname="tests.test_verify_before_write.TestAnalystRBAC" name="test_analyst_allowed_run_pipeline[recompute_opportunities]" time="0.300" /><testcase classname="tests.test_verify_before_write.TestGSCBigQueryVerifyBeforeWrite" name="test_no_secret_material_in_backend_logs" time="0.005" /><testcase classname="tests.test_verify_before_write.TestShopifyVerifyBeforeWrite" name="test_bogus_shopify_fails_fast_and_writes_nothing" time="0.645" /><testcase classname="tests.test_verify_before_write.TestAnalystRBAC" name="test_analyst_allowed_run_pipeline[detect_anomalies]" time="0.113" /><testcase classname="tests.test_verify_before_write.TestCrawlSettingsAtomicity" name="test_concurrent_writes_keep_env_consistent" time="1.196" /><testcase classname="tests.test_verify_before_write.TestShopifyVerifyBeforeWrite" name="test_client_abort_mid_request_writes_nothing" time="4.257" /><testcase classname="tests.test_verify_before_write.TestCrawlSettingsAtomicity" name="test_settings_freshness_reflected_without_restart" time="0.415" /><testcase classname="tests.test_verify_before_write.TestCrawlSettingsAtomicity" name="test_connections_and_acceptance_report_agree_on_mode" time="0.218" /><testcase classname="tests.test_verify_before_write.TestStage1Invariants" name="test_no_write_routes_in_openapi" time="0.017" /><testcase classname="tests.test_verify_before_write.TestStage1Invariants" name="test_write_policy_invariants" time="0.125" /><testcase classname="tests.test_verify_before_write.TestStage1Invariants" name="test_execute_refuses" time="0.098" /><testcase classname="tests.test_verify_before_write.TestActivateLiveGating" name="test_activate_live_refused_on_unverified" time="0.099" /><testcase classname="tests.test_verify_before_write.TestActivateLiveGating" name="test_mode_still_demo" time="0.099" /><testcase classname="tests.test_verify_before_write.TestJobFailureSanitisation" name="test_failing_live_job_error_is_clean" time="0.214" /><testcase classname="tests.test_verify_before_write.TestAcceptanceReport" name="test_report_sections" time="0.139" /><testcase classname="tests.test_verify_before_write" name="test_final_env_has_no_credentials" time="0.000" /><testcase classname="tests.test_verify_before_write.TestShopifyVerifyBeforeWrite" name="test_repeated_failed_attempts_loop" time="1.535" /><testcase classname="tests.test_verify_before_write.TestShopifyVerifyBeforeWrite" name="test_concurrent_shopify_gsc_crawl_posts" time="0.471" /></testsuite></testsuites>