<?xml version="1.0" encoding="utf-8"?><testsuites name="pytest tests"><testsuite name="pytest" errors="0" failures="0" skipped="6" tests="141" time="77.910" timestamp="2026-08-16T08:32:10.867160+00:00" hostname="agent-env-76fbc162-5ec3-48be-aa5d-21c6de6c3aad"><testcase classname="tests.test_stage1_live.TestAdminRBAC" name="test_unauthenticated_401[post-/admin/connections/shopify]" time="0.353" /><testcase classname="tests.test_stage1_live.TestAdminRBAC" name="test_unauthenticated_401[post-/admin/connections/gsc]" time="0.148" /><testcase classname="tests.test_verify_before_write.TestAnalystRBAC" name="test_analyst_denied[/admin/connections/shopify-body0]" time="0.452" /><testcase classname="tests.test_verify_before_write.TestAnalystRBAC" name="test_analyst_denied[/admin/connections/gsc-body1]" time="0.099" /><testcase classname="tests.test_stage1_live.TestAdminRBAC" name="test_unauthenticated_401[post-/admin/connections/bigquery]" time="0.103" /><testcase classname="tests.test_verify_before_write.TestAnalystRBAC" name="test_analyst_denied[/admin/connections/bigquery-body2]" time="0.101" /><testcase classname="tests.test_stage1_live.TestAdminRBAC" name="test_unauthenticated_401[post-/admin/connections/crawl-settings]" time="0.095" /><testcase classname="tests.test_verify_before_write.TestAnalystRBAC" name="test_analyst_denied[/admin/connections/crawl-settings-body3]" time="0.098" /><testcase classname="tests.test_stage1_live.TestAdminRBAC" name="test_unauthenticated_401[post-/admin/connections/activate-live]" time="0.098" /><testcase classname="tests.test_verify_before_write.TestAnalystRBAC" name="test_analyst_denied[/admin/connections/activate-live-None]" time="0.099" /><testcase classname="tests.test_stage1_live.TestAdminRBAC" name="test_unauthenticated_401[post-/admin/intelligence/purge-fixtures]" time="0.098" /><testcase classname="tests.test_verify_before_write.TestAnalystRBAC" name="test_analyst_denied[/admin/connections/deactivate-live-None]" time="0.101" /><testcase classname="tests.test_stage1_live.TestAdminRBAC" name="test_unauthenticated_401[post-/admin/shopify/sync]" time="0.102" /><testcase classname="tests.test_verify_before_write.TestAnalystRBAC" name="test_analyst_denied[/admin/shopify/webhooks/register-None]" time="0.098" /><testcase classname="tests.test_stage1_live.TestAdminRBAC" name="test_unauthenticated_401[post-/admin/gsc/daily]" time="0.102" /><testcase classname="tests.test_verify_before_write.TestAnalystRBAC" name="test_analyst_denied[/admin/intelligence/purge-fixtures-None]" time="0.101" /><testcase classname="tests.test_stage1_live.TestAdminRBAC" name="test_unauthenticated_401[post-/admin/crawl/batch]" time="0.096" /><testcase classname="tests.test_verify_before_write.TestAnalystRBAC" name="test_analyst_denied[/cost/override-body8]" time="0.104" /><testcase classname="tests.test_stage1_live.TestAdminRBAC" name="test_unauthenticated_401[get-/admin/connections]" time="0.103" /><testcase classname="tests.test_verify_before_write.TestAnalystRBAC" name="test_analyst_denied[/cost/simulate-exhaustion-None]" time="0.097" /><testcase classname="tests.test_stage1_live.TestAdminRBAC" name="test_unauthenticated_401[get-/admin/crawl/status]" time="0.102" /><testcase classname="tests.test_verify_before_write.TestAnalystRBAC" name="test_analyst_denied_audit" time="0.097" /><testcase classname="tests.test_stage1_live.TestAdminRBAC" name="test_unauthenticated_401[get-/admin/live-acceptance-report]" time="0.099" /><testcase classname="tests.test_verify_before_write.TestAnalystRBAC" name="test_analyst_allowed_reads[/overview]" time="0.144" /><testcase classname="tests.test_stage1_live.TestAdminRBAC" name="test_unauthenticated_401[get-/admin/gsc/status]" time="0.099" /><testcase classname="tests.test_verify_before_write.TestAnalystRBAC" name="test_analyst_allowed_reads[/opportunities]" time="0.112" /><testcase classname="tests.test_verify_before_write.TestAnalystRBAC" name="test_analyst_allowed_reads[/admin/connections]" time="0.240" /><testcase classname="tests.test_stage1_live.TestDemoFixtureScoping" name="test_demo_dashboards_non_empty[/overview]" time="0.482" /><testcase classname="tests.test_verify_before_write.TestAnalystRBAC" name="test_analyst_allowed_reads[/admin/live-acceptance-report]" time="0.132" /><testcase classname="tests.test_verify_before_write.TestAnalystRBAC" name="test_analyst_allowed_run_pipeline[recompute_opportunities]" time="0.332" /><testcase classname="tests.test_stage1_live.TestDemoFixtureScoping" name="test_demo_dashboards_non_empty[/markets/AU/warroom]" time="0.169" /><testcase classname="tests.test_stage1_live.TestDemoFixtureScoping" name="test_demo_dashboards_non_empty[/opportunities]" time="0.152" /><testcase classname="tests.test_stage1_live.TestDemoFixtureScoping" name="test_demo_dashboards_non_empty[/keywords]" time="0.119" /><testcase classname="tests.test_verify_before_write.TestAnalystRBAC" name="test_analyst_allowed_run_pipeline[detect_anomalies]" time="0.162" /><testcase classname="tests.test_stage1_live.TestDemoFixtureScoping" name="test_demo_dashboards_non_empty[/technical/summary]" time="0.136" /><testcase classname="tests.test_stage1_live.TestDemoFixtureScoping" name="test_demo_dashboards_non_empty[/cost/summary]" time="0.261" /><testcase classname="tests.test_stage1_live.TestDemoFixtureScoping" name="test_demo_dashboards_non_empty[/agents/roles]" time="0.111" /><testcase classname="tests.test_verify_before_write.TestLiveOnlyEndpoints" name="test_no_500[/admin/shopify/sync?background=false]" time="0.545" /><testcase classname="tests.test_stage1_live.TestDemoFixtureScoping" name="test_demo_dashboards_non_empty[/memory]" time="0.106" /><testcase classname="tests.test_verify_before_write.TestLiveOnlyEndpoints" name="test_no_500[/admin/shopify/reconcile]" time="0.107" /><testcase classname="tests.test_stage1_live.TestDemoFixtureScoping" name="test_live_counts_zero" time="0.266" /><testcase classname="tests.test_verify_before_write.TestLiveOnlyEndpoints" name="test_no_500[/admin/gsc/bootstrap?background=false]" time="0.106" /><testcase classname="tests.test_verify_before_write.TestLiveOnlyEndpoints" name="test_no_500[/admin/gsc/daily?background=false]" time="0.153" /><testcase classname="tests.test_webhook_replay.TestWebhookReplayAndOrder" name="test_signed_delivery_accepted" time="0.000"><skipped type="pytest.skip" message="SHOPIFY_WEBHOOK_SECRET not configured">/app/backend/tests/test_webhook_replay.py:80: SHOPIFY_WEBHOOK_SECRET not configured</skipped></testcase><testcase classname="tests.test_webhook_replay.TestWebhookReplayAndOrder" name="test_duplicate_webhook_id_ignored" time="0.000"><skipped type="pytest.skip" message="SHOPIFY_WEBHOOK_SECRET not configured">/app/backend/tests/test_webhook_replay.py:93: SHOPIFY_WEBHOOK_SECRET not configured</skipped></testcase><testcase classname="tests.test_webhook_replay.TestWebhookReplayAndOrder" name="test_older_payload_does_not_regress" time="0.000"><skipped type="pytest.skip" message="SHOPIFY_WEBHOOK_SECRET not configured">/app/backend/tests/test_webhook_replay.py:101: SHOPIFY_WEBHOOK_SECRET not configured</skipped></testcase><testcase classname="tests.test_webhook_replay.TestWebhookReplayAndOrder" name="test_unknown_topic_ignored" time="0.000"><skipped type="pytest.skip" message="SHOPIFY_WEBHOOK_SECRET not configured">/app/backend/tests/test_webhook_replay.py:109: SHOPIFY_WEBHOOK_SECRET not configured</skipped></testcase><testcase classname="tests.test_webhook_replay.TestWebhookReplayAndOrder" name="test_bad_signature_rejected_no_row" time="0.000"><skipped type="pytest.skip" message="SHOPIFY_WEBHOOK_SECRET not configured">/app/backend/tests/test_webhook_replay.py:117: SHOPIFY_WEBHOOK_SECRET not configured</skipped></testcase><testcase classname="tests.test_webhook_replay.TestWebhookReplayAndOrder" name="test_stats_and_no_secret_leak" time="0.000"><skipped type="pytest.skip" message="SHOPIFY_WEBHOOK_SECRET not configured">/app/backend/tests/test_webhook_replay.py:126: SHOPIFY_WEBHOOK_SECRET not configured</skipped></testcase><testcase classname="tests.test_verify_before_write.TestLiveOnlyEndpoints" name="test_no_500[/admin/crawl/robots]" time="0.297" /><testcase classname="tests.test_verify_before_write.TestLiveOnlyEndpoints" name="test_no_500[/admin/crawl/batch?limit=2]" time="0.139" /><testcase classname="tests.backend_test.TestPipelines" name="test_list" time="0.500" /><testcase classname="tests.backend_test.TestPipelines" name="test_run_recompute" time="3.633" /><testcase classname="tests.test_verify_before_write.TestLiveOnlyEndpoints" name="test_no_500[/admin/crawl/full?background=false]" time="0.116" /><testcase classname="tests.test_stage1_live.TestLiveEndpointsFailCleanly" name="test_reports_failed_job_not_500[/admin/shopify/sync-params0]" time="0.481" /><testcase classname="tests.test_stage1_live.TestLiveEndpointsFailCleanly" name="test_reports_failed_job_not_500[/admin/gsc/daily-params1]" time="0.109" /><testcase classname="tests.test_stage1_live.TestLiveEndpointsFailCleanly" name="test_reports_failed_job_not_500[/admin/crawl/robots-params2]" time="0.130" /><testcase classname="tests.test_stage1_live.TestLiveEndpointsFailCleanly" name="test_reports_failed_job_not_500[/admin/crawl/batch-params3]" time="0.135" /><testcase classname="tests.test_stage1_live.TestLiveEndpointsFailCleanly" name="test_failures_visible_in_activity" time="0.105" /><testcase classname="tests.test_verify_before_write.TestGSCBigQueryVerifyBeforeWrite" name="test_gsc_failures_write_nothing[body0-invalid json]" time="0.220" /><testcase classname="tests.test_verify_before_write.TestGSCBigQueryVerifyBeforeWrite" name="test_gsc_failures_write_nothing[body1-fake private key]" time="0.220" /><testcase classname="tests.test_verify_before_write.TestGSCBigQueryVerifyBeforeWrite" name="test_gsc_failures_write_nothing[body2-missing client_email]" time="0.194" /><testcase classname="tests.test_verify_before_write.TestGSCBigQueryVerifyBeforeWrite" name="test_bigquery_failure_writes_nothing" time="0.263" /><testcase classname="tests.test_verify_before_write.TestGSCBigQueryVerifyBeforeWrite" name="test_no_secret_material_in_backend_logs" time="0.005" /><testcase classname="tests.backend_test.TestAuth" name="test_login_success" time="0.327" /><testcase classname="tests.backend_test.TestAuth" name="test_me" time="0.439" /><testcase classname="tests.backend_test.TestAuth" name="test_unauth_returns_401" time="0.097" /><testcase classname="tests.backend_test.TestAuth" name="test_logout" time="0.098" /><testcase classname="tests.backend_test.TestCost" name="test_summary" time="0.101" /><testcase classname="tests.backend_test.TestCost" name="test_override_empty_reason_422" time="0.101" /><testcase classname="tests.backend_test.TestCost" name="test_override_valid" time="0.105" /><testcase classname="tests.backend_test.TestCost" name="test_simulate_exhaustion_and_reset" time="0.306" /><testcase classname="tests.test_stage1_live.TestAcceptanceReport" name="test_sections_present" time="0.129" /><testcase classname="tests.backend_test.TestPipelines" name="test_run_cannibalization" time="0.139" /><testcase classname="tests.test_stage1_live.TestAcceptanceReport" name="test_demo_mode_counts_zero_and_not_ready" time="0.131" /><testcase classname="tests.backend_test.TestPipelines" name="test_run_anomalies" time="0.116" /><testcase classname="tests.test_stage1_live.TestAcceptanceReport" name="test_stage1_invariants" time="0.127" /><testcase classname="tests.backend_test.TestPipelines" name="test_run_classify_intents" time="23.634" /><testcase classname="tests.test_stage1_live.TestAcceptanceReport" name="test_no_secrets_in_report" time="1.512" /><testcase classname="tests.backend_test.TestMeta" name="test_mode_demo" time="0.105" /><testcase classname="tests.backend_test.TestMeta" name="test_stage_invariants" time="0.099" /><testcase classname="tests.backend_test.TestMeta" name="test_no_write_routes" time="0.386" /><testcase classname="tests.backend_test.TestWarRoom" name="test_au" time="0.132" /><testcase classname="tests.backend_test.TestWarRoom" name="test_nz" time="0.175" /><testcase classname="tests.backend_test.TestWarRoom" name="test_inactive_market_404" time="0.098" /><testcase classname="tests.backend_test.TestOpportunities" name="test_list" time="0.107" /><testcase classname="tests.backend_test.TestOpportunities" name="test_filter_market" time="0.109" /><testcase classname="tests.backend_test.TestOpportunities" name="test_evidence_drawer" time="0.285" /><testcase classname="tests.backend_test.TestKeywords" name="test_list" time="0.108" /><testcase classname="tests.backend_test.TestKeywords" name="test_cannibalized" time="0.127" /><testcase classname="tests.backend_test.TestKeywords" name="test_detail" time="0.203" /><testcase classname="tests.backend_test.TestTechnical" name="test_summary" time="0.118" /><testcase classname="tests.backend_test.TestTechnical" name="test_issues" time="0.102" /><testcase classname="tests.backend_test.TestTechnical" name="test_issue_detail" time="36.048" /><testcase classname="tests.test_verify_before_write.TestShopifyVerifyBeforeWrite" name="test_bogus_shopify_fails_fast_and_writes_nothing" time="20.243" /><testcase classname="tests.backend_test.TestAgents" name="test_roles_28" time="0.150" /><testcase classname="tests.backend_test.TestAgents" name="test_memory" time="0.098" /><testcase classname="tests.backend_test.TestAgents" name="test_actions_stage1" time="0.200" /><testcase classname="tests.backend_test.TestAudit" name="test_audit_rows" time="7.285" /><testcase classname="tests.test_verify_before_write.TestShopifyVerifyBeforeWrite" name="test_client_abort_mid_request_writes_nothing" time="4.662" /><testcase classname="tests.backend_test.TestAudit" name="test_audit_verify" time="0.157" /><testcase classname="tests.backend_test.TestAudit" name="test_audit_concurrent_writes_chain_valid" time="20.935" /><testcase classname="tests.test_verify_before_write.TestShopifyVerifyBeforeWrite" name="test_repeated_failed_attempts_loop" time="6.442" /><testcase classname="tests.test_verify_before_write.TestShopifyVerifyBeforeWrite" name="test_concurrent_shopify_gsc_crawl_posts" time="0.511" /><testcase classname="tests.test_stage1_live.TestCrawlSettings" name="test_valid_settings_applied" time="0.210" /><testcase classname="tests.test_stage1_live.TestCrawlSettings" name="test_out_of_range_rejected" time="0.204" /><testcase classname="tests.test_stage1_live.TestCrawlSettings" name="test_restore_defaults" time="0.097" /><testcase classname="tests.test_stage1_live.TestStageInvariantsGlobal" name="test_meta_stage_invariants" time="0.100" /><testcase classname="tests.test_stage1_live.TestStageInvariantsGlobal" name="test_execute_refused" time="0.257" /><testcase classname="tests.test_stage1_live.TestStageInvariantsGlobal" name="test_openapi_has_no_shopify_write_routes" time="0.017" /><testcase classname="tests.test_verify_before_write.TestCrawlSettingsAtomicity" name="test_concurrent_writes_keep_env_consistent" time="0.688" /><testcase classname="tests.test_verify_before_write.TestCrawlSettingsAtomicity" name="test_settings_freshness_reflected_without_restart" time="0.425" /><testcase classname="tests.test_verify_before_write.TestCrawlSettingsAtomicity" name="test_connections_and_acceptance_report_agree_on_mode" time="2.370" /><testcase classname="tests.test_verify_before_write.TestStage1Invariants" name="test_no_write_routes_in_openapi" time="0.003" /><testcase classname="tests.test_verify_before_write.TestStage1Invariants" name="test_write_policy_invariants" time="3.247" /><testcase classname="tests.test_verify_before_write.TestStage1Invariants" name="test_execute_refuses" time="0.108" /><testcase classname="tests.backend_test.TestRBAC" name="test_unauth_audit" time="0.091" /><testcase classname="tests.backend_test.TestRBAC" name="test_unauth_simulate" time="0.101" /><testcase classname="tests.backend_test.TestBruteForce" name="test_lockout_and_cleanup" time="0.608" /><testcase classname="tests.backend_test.TestBruteForce" name="test_admin_lockout_flow_and_cleanup" time="2.968" /><testcase classname="tests.test_stage1_live.TestConnectionsStatus" name="test_presence_only_no_secrets" time="0.150" /><testcase classname="tests.test_stage1_live.TestConnectionsStatus" name="test_requires_auth" time="0.097" /><testcase classname="tests.test_stage1_live.TestShopifyCredentialFailure" name="test_bogus_shopify_rejected_sanitised_and_rolled_back" time="0.457" /><testcase classname="tests.test_stage1_live.TestShopifyCredentialFailure" name="test_no_token_in_backend_logs" time="0.004" /><testcase classname="tests.test_stage1_live.TestActivateLiveGuard" name="test_refuses_without_verified_sources" time="0.200" /><testcase classname="tests.test_stage1_live.TestActivateLiveGuard" name="test_requires_auth" time="0.099" /><testcase classname="tests.test_stage1_live.TestWebhookHmacRejection" name="test_missing_hmac_rejected_and_audited" time="0.389" /><testcase classname="tests.test_stage1_live.TestWebhookHmacRejection" name="test_wrong_hmac_rejected" time="0.097" /><testcase classname="tests.test_stage1_live.TestUrlReconciliation" name="test_shape" time="0.117" /><testcase classname="tests.test_stage1_live.TestGSCCredentialFailure" name="test_invalid_json_rejected" time="0.106" /><testcase classname="tests.test_stage1_live.TestUrlReconciliation" name="test_run_no_500" time="0.109" /><testcase classname="tests.test_stage1_live.TestGSCCredentialFailure" name="test_valid_json_unauthorised_rejected_and_rolled_back" time="0.315" /><testcase classname="tests.test_stage1_live.TestAudit" name="test_admin_actions_audited" time="0.209" /><testcase classname="tests.test_stage1_live.TestAudit" name="test_chain_valid" time="0.121" /><testcase classname="tests.test_stage1_live.TestGSCCredentialFailure" name="test_private_key_not_in_logs" time="0.004" /><testcase classname="tests.test_verify_before_write.TestActivateLiveGating" name="test_activate_live_refused_on_unverified" time="0.097" /><testcase classname="tests.backend_test.TestOverview" name="test_overview" time="0.121" /><testcase classname="tests.test_verify_before_write.TestActivateLiveGating" name="test_mode_still_demo" time="0.108" /><testcase classname="tests.test_verify_before_write.TestJobFailureSanitisation" name="test_failing_live_job_error_is_clean" time="0.249" /><testcase classname="tests.test_verify_before_write.TestAcceptanceReport" name="test_report_sections" time="0.126" /><testcase classname="tests.test_verify_before_write" name="test_final_env_has_no_credentials" time="0.000" /></testsuite></testsuites>