<?xml version="1.0" encoding="utf-8"?><testsuites name="pytest tests"><testsuite name="pytest" errors="0" failures="0" skipped="0" tests="39" time="32.748" timestamp="2026-08-16T06:45:55.200323+00:00" hostname="agent-env-76fbc162-5ec3-48be-aa5d-21c6de6c3aad"><testcase classname="tests.backend_test.TestAuth" name="test_login_success" time="0.643" /><testcase classname="tests.backend_test.TestPipelines" name="test_list" time="0.742" /><testcase classname="tests.backend_test.TestPipelines" name="test_run_recompute" time="3.538" /><testcase classname="tests.backend_test.TestAuth" name="test_me" time="0.561" /><testcase classname="tests.backend_test.TestAuth" name="test_unauth_returns_401" time="0.099" /><testcase classname="tests.backend_test.TestAuth" name="test_logout" time="0.152" /><testcase classname="tests.backend_test.TestCost" name="test_summary" time="0.146" /><testcase classname="tests.backend_test.TestCost" name="test_override_empty_reason_422" time="0.093" /><testcase classname="tests.backend_test.TestCost" name="test_override_valid" time="0.159" /><testcase classname="tests.backend_test.TestCost" name="test_simulate_exhaustion_and_reset" time="0.305" /><testcase classname="tests.backend_test.TestMeta" name="test_mode_demo" time="0.097" /><testcase classname="tests.backend_test.TestMeta" name="test_stage_invariants" time="0.103" /><testcase classname="tests.backend_test.TestMeta" name="test_no_write_routes" time="0.398" /><testcase classname="tests.backend_test.TestWarRoom" name="test_au" time="0.137" /><testcase classname="tests.backend_test.TestWarRoom" name="test_nz" time="0.139" /><testcase classname="tests.backend_test.TestWarRoom" name="test_inactive_market_404" time="0.099" /><testcase classname="tests.backend_test.TestOpportunities" name="test_list" time="0.113" /><testcase classname="tests.backend_test.TestOpportunities" name="test_filter_market" time="0.122" /><testcase classname="tests.backend_test.TestOpportunities" name="test_evidence_drawer" time="0.208" /><testcase classname="tests.backend_test.TestKeywords" name="test_list" time="0.109" /><testcase classname="tests.backend_test.TestKeywords" name="test_cannibalized" time="0.113" /><testcase classname="tests.backend_test.TestKeywords" name="test_detail" time="0.203" /><testcase classname="tests.backend_test.TestTechnical" name="test_summary" time="0.115" /><testcase classname="tests.backend_test.TestTechnical" name="test_issues" time="0.105" /><testcase classname="tests.backend_test.TestTechnical" name="test_issue_detail" time="0.237" /><testcase classname="tests.backend_test.TestPipelines" name="test_run_cannibalization" time="0.188" /><testcase classname="tests.backend_test.TestAgents" name="test_roles_28" time="0.100" /><testcase classname="tests.backend_test.TestPipelines" name="test_run_anomalies" time="0.122" /><testcase classname="tests.backend_test.TestAgents" name="test_memory" time="0.096" /><testcase classname="tests.backend_test.TestPipelines" name="test_run_classify_intents" time="23.660" /><testcase classname="tests.backend_test.TestAgents" name="test_actions_stage1" time="1.525" /><testcase classname="tests.backend_test.TestRBAC" name="test_unauth_audit" time="0.093" /><testcase classname="tests.backend_test.TestRBAC" name="test_unauth_simulate" time="0.103" /><testcase classname="tests.backend_test.TestBruteForce" name="test_lockout_and_cleanup" time="0.629" /><testcase classname="tests.backend_test.TestBruteForce" name="test_admin_lockout_flow_and_cleanup" time="4.210" /><testcase classname="tests.backend_test.TestOverview" name="test_overview" time="0.155" /><testcase classname="tests.backend_test.TestAudit" name="test_audit_rows" time="0.143" /><testcase classname="tests.backend_test.TestAudit" name="test_audit_verify" time="0.112" /><testcase classname="tests.backend_test.TestAudit" name="test_audit_concurrent_writes_chain_valid" time="3.698" /></testsuite></testsuites>