<?xml version="1.0" encoding="utf-8"?><testsuites name="pytest tests"><testsuite name="pytest" errors="0" failures="0" skipped="6" tests="97" time="53.752" timestamp="2026-08-16T08:14:21.187075+00:00" hostname="agent-env-76fbc162-5ec3-48be-aa5d-21c6de6c3aad"><testcase classname="tests.test_stage1_live.TestAdminRBAC" name="test_unauthenticated_401[post-/admin/connections/shopify]" time="0.462" /><testcase classname="tests.test_stage1_live.TestAdminRBAC" name="test_unauthenticated_401[post-/admin/connections/gsc]" time="0.100" /><testcase classname="tests.test_stage1_live.TestDemoFixtureScoping" name="test_demo_dashboards_non_empty[/overview]" time="0.591" /><testcase classname="tests.test_stage1_live.TestAdminRBAC" name="test_unauthenticated_401[post-/admin/connections/bigquery]" time="0.101" /><testcase classname="tests.test_stage1_live.TestDemoFixtureScoping" name="test_demo_dashboards_non_empty[/markets/AU/warroom]" time="0.137" /><testcase classname="tests.test_stage1_live.TestAdminRBAC" name="test_unauthenticated_401[post-/admin/connections/crawl-settings]" time="0.139" /><testcase classname="tests.test_stage1_live.TestDemoFixtureScoping" name="test_demo_dashboards_non_empty[/opportunities]" time="0.119" /><testcase classname="tests.test_stage1_live.TestAdminRBAC" name="test_unauthenticated_401[post-/admin/connections/activate-live]" time="0.098" /><testcase classname="tests.test_stage1_live.TestDemoFixtureScoping" name="test_demo_dashboards_non_empty[/keywords]" time="0.107" /><testcase classname="tests.test_stage1_live.TestAdminRBAC" name="test_unauthenticated_401[post-/admin/intelligence/purge-fixtures]" time="0.097" /><testcase classname="tests.test_stage1_live.TestDemoFixtureScoping" name="test_demo_dashboards_non_empty[/technical/summary]" time="0.099" /><testcase classname="tests.test_stage1_live.TestAdminRBAC" name="test_unauthenticated_401[post-/admin/shopify/sync]" time="0.099" /><testcase classname="tests.test_stage1_live.TestDemoFixtureScoping" name="test_demo_dashboards_non_empty[/cost/summary]" time="0.145" /><testcase classname="tests.test_stage1_live.TestAdminRBAC" name="test_unauthenticated_401[post-/admin/gsc/daily]" time="0.096" /><testcase classname="tests.test_stage1_live.TestAdminRBAC" name="test_unauthenticated_401[post-/admin/crawl/batch]" time="0.106" /><testcase classname="tests.test_stage1_live.TestDemoFixtureScoping" name="test_demo_dashboards_non_empty[/agents/roles]" time="0.107" /><testcase classname="tests.test_stage1_live.TestAdminRBAC" name="test_unauthenticated_401[get-/admin/connections]" time="0.103" /><testcase classname="tests.test_stage1_live.TestDemoFixtureScoping" name="test_demo_dashboards_non_empty[/memory]" time="0.099" /><testcase classname="tests.test_stage1_live.TestAdminRBAC" name="test_unauthenticated_401[get-/admin/crawl/status]" time="0.099" /><testcase classname="tests.test_stage1_live.TestDemoFixtureScoping" name="test_live_counts_zero" time="0.198" /><testcase classname="tests.test_stage1_live.TestAdminRBAC" name="test_unauthenticated_401[get-/admin/live-acceptance-report]" time="0.098" /><testcase classname="tests.test_stage1_live.TestAdminRBAC" name="test_unauthenticated_401[get-/admin/gsc/status]" time="0.097" /><testcase classname="tests.test_webhook_replay.TestWebhookReplayAndOrder" name="test_signed_delivery_accepted" time="0.000"><skipped type="pytest.skip" message="SHOPIFY_WEBHOOK_SECRET not configured">/app/backend/tests/test_webhook_replay.py:80: SHOPIFY_WEBHOOK_SECRET not configured</skipped></testcase><testcase classname="tests.test_webhook_replay.TestWebhookReplayAndOrder" name="test_duplicate_webhook_id_ignored" time="0.000"><skipped type="pytest.skip" message="SHOPIFY_WEBHOOK_SECRET not configured">/app/backend/tests/test_webhook_replay.py:93: SHOPIFY_WEBHOOK_SECRET not configured</skipped></testcase><testcase classname="tests.test_webhook_replay.TestWebhookReplayAndOrder" name="test_older_payload_does_not_regress" time="0.000"><skipped type="pytest.skip" message="SHOPIFY_WEBHOOK_SECRET not configured">/app/backend/tests/test_webhook_replay.py:101: SHOPIFY_WEBHOOK_SECRET not configured</skipped></testcase><testcase classname="tests.test_webhook_replay.TestWebhookReplayAndOrder" name="test_unknown_topic_ignored" time="0.000"><skipped type="pytest.skip" message="SHOPIFY_WEBHOOK_SECRET not configured">/app/backend/tests/test_webhook_replay.py:109: SHOPIFY_WEBHOOK_SECRET not configured</skipped></testcase><testcase classname="tests.test_webhook_replay.TestWebhookReplayAndOrder" name="test_bad_signature_rejected_no_row" time="0.000"><skipped type="pytest.skip" message="SHOPIFY_WEBHOOK_SECRET not configured">/app/backend/tests/test_webhook_replay.py:117: SHOPIFY_WEBHOOK_SECRET not configured</skipped></testcase><testcase classname="tests.test_webhook_replay.TestWebhookReplayAndOrder" name="test_stats_and_no_secret_leak" time="0.000"><skipped type="pytest.skip" message="SHOPIFY_WEBHOOK_SECRET not configured">/app/backend/tests/test_webhook_replay.py:126: SHOPIFY_WEBHOOK_SECRET not configured</skipped></testcase><testcase classname="tests.test_stage1_live.TestLiveEndpointsFailCleanly" name="test_reports_failed_job_not_500[/admin/shopify/sync-params0]" time="0.094" /><testcase classname="tests.test_stage1_live.TestLiveEndpointsFailCleanly" name="test_reports_failed_job_not_500[/admin/gsc/daily-params1]" time="0.104" /><testcase classname="tests.test_stage1_live.TestLiveEndpointsFailCleanly" name="test_reports_failed_job_not_500[/admin/crawl/robots-params2]" time="0.268" /><testcase classname="tests.test_stage1_live.TestLiveEndpointsFailCleanly" name="test_reports_failed_job_not_500[/admin/crawl/batch-params3]" time="0.125" /><testcase classname="tests.backend_test.TestPipelines" name="test_list" time="0.562" /><testcase classname="tests.test_stage1_live.TestLiveEndpointsFailCleanly" name="test_failures_visible_in_activity" time="0.109" /><testcase classname="tests.backend_test.TestPipelines" name="test_run_recompute" time="3.855" /><testcase classname="tests.backend_test.TestAuth" name="test_login_success" time="0.354" /><testcase classname="tests.backend_test.TestAuth" name="test_me" time="0.453" /><testcase classname="tests.backend_test.TestAuth" name="test_unauth_returns_401" time="0.100" /><testcase classname="tests.backend_test.TestAuth" name="test_logout" time="0.097" /><testcase classname="tests.backend_test.TestCost" name="test_summary" time="0.108" /><testcase classname="tests.backend_test.TestCost" name="test_override_empty_reason_422" time="0.099" /><testcase classname="tests.backend_test.TestCost" name="test_override_valid" time="0.103" /><testcase classname="tests.backend_test.TestCost" name="test_simulate_exhaustion_and_reset" time="0.322" /><testcase classname="tests.test_stage1_live.TestAcceptanceReport" name="test_sections_present" time="0.129" /><testcase classname="tests.test_stage1_live.TestAcceptanceReport" name="test_demo_mode_counts_zero_and_not_ready" time="0.121" /><testcase classname="tests.test_stage1_live.TestAcceptanceReport" name="test_stage1_invariants" time="0.123" /><testcase classname="tests.test_stage1_live.TestAcceptanceReport" name="test_no_secrets_in_report" time="0.122" /><testcase classname="tests.backend_test.TestMeta" name="test_mode_demo" time="0.094" /><testcase classname="tests.backend_test.TestMeta" name="test_stage_invariants" time="0.097" /><testcase classname="tests.backend_test.TestMeta" name="test_no_write_routes" time="0.398" /><testcase classname="tests.backend_test.TestWarRoom" name="test_au" time="0.169" /><testcase classname="tests.backend_test.TestWarRoom" name="test_nz" time="0.140" /><testcase classname="tests.backend_test.TestWarRoom" name="test_inactive_market_404" time="0.095" /><testcase classname="tests.backend_test.TestOpportunities" name="test_list" time="0.119" /><testcase classname="tests.backend_test.TestOpportunities" name="test_filter_market" time="0.107" /><testcase classname="tests.backend_test.TestOpportunities" name="test_evidence_drawer" time="0.195" /><testcase classname="tests.backend_test.TestKeywords" name="test_list" time="0.107" /><testcase classname="tests.backend_test.TestKeywords" name="test_cannibalized" time="0.113" /><testcase classname="tests.backend_test.TestKeywords" name="test_detail" time="0.196" /><testcase classname="tests.backend_test.TestPipelines" name="test_run_cannibalization" time="0.131" /><testcase classname="tests.backend_test.TestPipelines" name="test_run_anomalies" time="0.120" /><testcase classname="tests.backend_test.TestTechnical" name="test_summary" time="0.108" /><testcase classname="tests.backend_test.TestPipelines" name="test_run_classify_intents" time="23.146" /><testcase classname="tests.backend_test.TestTechnical" name="test_issues" time="1.419" /><testcase classname="tests.backend_test.TestTechnical" name="test_issue_detail" time="0.206" /><testcase classname="tests.backend_test.TestAudit" name="test_audit_rows" time="0.103" /><testcase classname="tests.backend_test.TestAudit" name="test_audit_verify" time="0.118" /><testcase classname="tests.backend_test.TestAudit" name="test_audit_concurrent_writes_chain_valid" time="3.805" /><testcase classname="tests.test_stage1_live.TestGSCCredentialFailure" name="test_invalid_json_rejected" time="0.111" /><testcase classname="tests.test_stage1_live.TestGSCCredentialFailure" name="test_valid_json_unauthorised_rejected_and_rolled_back" time="0.304" /><testcase classname="tests.test_stage1_live.TestGSCCredentialFailure" name="test_private_key_not_in_logs" time="0.005" /><testcase classname="tests.test_stage1_live.TestCrawlSettings" name="test_valid_settings_applied" time="0.209" /><testcase classname="tests.test_stage1_live.TestCrawlSettings" name="test_out_of_range_rejected" time="0.197" /><testcase classname="tests.test_stage1_live.TestCrawlSettings" name="test_restore_defaults" time="0.104" /><testcase classname="tests.test_stage1_live.TestStageInvariantsGlobal" name="test_meta_stage_invariants" time="0.095" /><testcase classname="tests.test_stage1_live.TestStageInvariantsGlobal" name="test_execute_refused" time="0.217" /><testcase classname="tests.test_stage1_live.TestStageInvariantsGlobal" name="test_openapi_has_no_shopify_write_routes" time="0.017" /><testcase classname="tests.backend_test.TestRBAC" name="test_unauth_audit" time="0.098" /><testcase classname="tests.backend_test.TestRBAC" name="test_unauth_simulate" time="0.097" /><testcase classname="tests.backend_test.TestBruteForce" name="test_lockout_and_cleanup" time="0.599" /><testcase classname="tests.backend_test.TestBruteForce" name="test_admin_lockout_flow_and_cleanup" time="3.050" /><testcase classname="tests.test_stage1_live.TestConnectionsStatus" name="test_presence_only_no_secrets" time="0.137" /><testcase classname="tests.test_stage1_live.TestConnectionsStatus" name="test_requires_auth" time="0.099" /><testcase classname="tests.test_stage1_live.TestShopifyCredentialFailure" name="test_bogus_shopify_rejected_sanitised_and_rolled_back" time="35.290" /><testcase classname="tests.backend_test.TestAgents" name="test_roles_28" time="0.136" /><testcase classname="tests.backend_test.TestAgents" name="test_memory" time="0.106" /><testcase classname="tests.backend_test.TestAgents" name="test_actions_stage1" time="0.215" /><testcase classname="tests.test_stage1_live.TestWebhookHmacRejection" name="test_missing_hmac_rejected_and_audited" time="0.742" /><testcase classname="tests.test_stage1_live.TestWebhookHmacRejection" name="test_wrong_hmac_rejected" time="0.099" /><testcase classname="tests.test_stage1_live.TestUrlReconciliation" name="test_shape" time="0.098" /><testcase classname="tests.test_stage1_live.TestUrlReconciliation" name="test_run_no_500" time="0.107" /><testcase classname="tests.test_stage1_live.TestAudit" name="test_admin_actions_audited" time="0.210" /><testcase classname="tests.test_stage1_live.TestAudit" name="test_chain_valid" time="0.115" /><testcase classname="tests.backend_test.TestOverview" name="test_overview" time="0.131" /><testcase classname="tests.test_stage1_live.TestShopifyCredentialFailure" name="test_no_token_in_backend_logs" time="0.004" /><testcase classname="tests.test_stage1_live.TestActivateLiveGuard" name="test_refuses_without_verified_sources" time="0.209" /><testcase classname="tests.test_stage1_live.TestActivateLiveGuard" name="test_requires_auth" time="0.100" /></testsuite></testsuites>